[0.113s] DEBUG:colcon:Command line arguments: ['/usr/bin/colcon', 'build', '--symlink-install', '--packages-select', 'quiz5']
[0.113s] DEBUG:colcon:Parsed command line arguments: Namespace(log_base=None, log_level=None, verb_name='build', build_base='build', install_base='install', merge_install=False, symlink_install=True, test_result_base=None, continue_on_error=False, executor='parallel', parallel_workers=8, event_handlers=None, ignore_user_meta=False, metas=['./colcon.meta'], base_paths=['.'], packages_ignore=None, packages_ignore_regex=None, paths=None, packages_up_to=None, packages_up_to_regex=None, packages_above=None, packages_above_and_dependencies=None, packages_above_depth=None, packages_select_by_dep=None, packages_skip_by_dep=None, packages_skip_up_to=None, packages_select_build_failed=False, packages_skip_build_finished=False, packages_select_test_failures=False, packages_skip_test_passed=False, packages_select=['quiz5'], packages_skip=None, packages_select_regex=None, packages_skip_regex=None, packages_start=None, packages_end=None, allow_overriding=[], cmake_args=None, cmake_target=None, cmake_target_skip_unavailable=False, cmake_clean_cache=False, cmake_clean_first=False, cmake_force_configure=False, ament_cmake_args=None, catkin_cmake_args=None, catkin_skip_building_tests=False, mixin_files=None, mixin=None, verb_parser=<colcon_mixin.mixin.mixin_argument.MixinArgumentDecorator object at 0x74852ce6dc90>, verb_extension=<colcon_core.verb.build.BuildVerb object at 0x74852ce6d270>, main=<bound method BuildVerb.main of <colcon_core.verb.build.BuildVerb object at 0x74852ce6d270>>, mixin_verb=('build',))
[0.294s] Level 1:colcon.colcon_core.package_discovery:discover_packages(colcon_meta) check parameters
[0.294s] Level 1:colcon.colcon_core.package_discovery:discover_packages(recursive) check parameters
[0.294s] Level 1:colcon.colcon_core.package_discovery:discover_packages(ignore) check parameters
[0.294s] Level 1:colcon.colcon_core.package_discovery:discover_packages(path) check parameters
[0.294s] Level 1:colcon.colcon_core.package_discovery:discover_packages(colcon_meta) discover
[0.294s] Level 1:colcon.colcon_core.package_discovery:discover_packages(recursive) discover
[0.294s] INFO:colcon.colcon_core.package_discovery:Crawling recursively for packages in '/home/student/ros2_ws/src'
[0.294s] Level 1:colcon.colcon_core.package_identification:_identify(.) by extensions ['ignore', 'ignore_ament_install']
[0.295s] Level 1:colcon.colcon_core.package_identification:_identify(.) by extension 'ignore'
[0.295s] Level 1:colcon.colcon_core.package_identification:_identify(.) by extension 'ignore_ament_install'
[0.295s] Level 1:colcon.colcon_core.package_identification:_identify(.) by extensions ['colcon_pkg']
[0.295s] Level 1:colcon.colcon_core.package_identification:_identify(.) by extension 'colcon_pkg'
[0.295s] Level 1:colcon.colcon_core.package_identification:_identify(.) by extensions ['colcon_meta']
[0.295s] Level 1:colcon.colcon_core.package_identification:_identify(.) by extension 'colcon_meta'
[0.295s] Level 1:colcon.colcon_core.package_identification:_identify(.) by extensions ['ros']
[0.295s] Level 1:colcon.colcon_core.package_identification:_identify(.) by extension 'ros'
[0.307s] Level 1:colcon.colcon_core.package_identification:_identify(.) by extensions ['cmake', 'python']
[0.307s] Level 1:colcon.colcon_core.package_identification:_identify(.) by extension 'cmake'
[0.307s] Level 1:colcon.colcon_core.package_identification:_identify(.) by extension 'python'
[0.307s] Level 1:colcon.colcon_core.package_identification:_identify(.) by extensions ['python_setup_py']
[0.307s] Level 1:colcon.colcon_core.package_identification:_identify(.) by extension 'python_setup_py'
[0.307s] Level 1:colcon.colcon_core.package_identification:_identify(b) by extensions ['ignore', 'ignore_ament_install']
[0.307s] Level 1:colcon.colcon_core.package_identification:_identify(b) by extension 'ignore'
[0.307s] Level 1:colcon.colcon_core.package_identification:_identify(b) by extension 'ignore_ament_install'
[0.307s] Level 1:colcon.colcon_core.package_identification:_identify(b) by extensions ['colcon_pkg']
[0.307s] Level 1:colcon.colcon_core.package_identification:_identify(b) by extension 'colcon_pkg'
[0.307s] Level 1:colcon.colcon_core.package_identification:_identify(b) by extensions ['colcon_meta']
[0.308s] Level 1:colcon.colcon_core.package_identification:_identify(b) by extension 'colcon_meta'
[0.308s] Level 1:colcon.colcon_core.package_identification:_identify(b) by extensions ['ros']
[0.308s] Level 1:colcon.colcon_core.package_identification:_identify(b) by extension 'ros'
[0.310s] DEBUG:colcon.colcon_core.package_identification:Package 'b' with type 'ros.ament_cmake' and name 'quiz4_b'
[0.310s] Level 1:colcon.colcon_core.package_identification:_identify(build) by extensions ['ignore', 'ignore_ament_install']
[0.310s] Level 1:colcon.colcon_core.package_identification:_identify(build) by extension 'ignore'
[0.310s] Level 1:colcon.colcon_core.package_identification:_identify(build) ignored
[0.311s] Level 1:colcon.colcon_core.package_identification:_identify(install) by extensions ['ignore', 'ignore_ament_install']
[0.311s] Level 1:colcon.colcon_core.package_identification:_identify(install) by extension 'ignore'
[0.311s] Level 1:colcon.colcon_core.package_identification:_identify(install) ignored
[0.311s] Level 1:colcon.colcon_core.package_identification:_identify(log) by extensions ['ignore', 'ignore_ament_install']
[0.311s] Level 1:colcon.colcon_core.package_identification:_identify(log) by extension 'ignore'
[0.311s] Level 1:colcon.colcon_core.package_identification:_identify(log) ignored
[0.311s] Level 1:colcon.colcon_core.package_identification:_identify(quiz5) by extensions ['ignore', 'ignore_ament_install']
[0.311s] Level 1:colcon.colcon_core.package_identification:_identify(quiz5) by extension 'ignore'
[0.311s] Level 1:colcon.colcon_core.package_identification:_identify(quiz5) by extension 'ignore_ament_install'
[0.311s] Level 1:colcon.colcon_core.package_identification:_identify(quiz5) by extensions ['colcon_pkg']
[0.311s] Level 1:colcon.colcon_core.package_identification:_identify(quiz5) by extension 'colcon_pkg'
[0.311s] Level 1:colcon.colcon_core.package_identification:_identify(quiz5) by extensions ['colcon_meta']
[0.311s] Level 1:colcon.colcon_core.package_identification:_identify(quiz5) by extension 'colcon_meta'
[0.311s] Level 1:colcon.colcon_core.package_identification:_identify(quiz5) by extensions ['ros']
[0.312s] Level 1:colcon.colcon_core.package_identification:_identify(quiz5) by extension 'ros'
[0.314s] DEBUG:colcon.colcon_core.package_identification:Package 'quiz5' with type 'ros.ament_cmake' and name 'quiz5'
[0.314s] Level 1:colcon.colcon_core.package_identification:_identify(wk10_starter) by extensions ['ignore', 'ignore_ament_install']
[0.314s] Level 1:colcon.colcon_core.package_identification:_identify(wk10_starter) by extension 'ignore'
[0.314s] Level 1:colcon.colcon_core.package_identification:_identify(wk10_starter) by extension 'ignore_ament_install'
[0.314s] Level 1:colcon.colcon_core.package_identification:_identify(wk10_starter) by extensions ['colcon_pkg']
[0.314s] Level 1:colcon.colcon_core.package_identification:_identify(wk10_starter) by extension 'colcon_pkg'
[0.314s] Level 1:colcon.colcon_core.package_identification:_identify(wk10_starter) by extensions ['colcon_meta']
[0.314s] Level 1:colcon.colcon_core.package_identification:_identify(wk10_starter) by extension 'colcon_meta'
[0.314s] Level 1:colcon.colcon_core.package_identification:_identify(wk10_starter) by extensions ['ros']
[0.314s] Level 1:colcon.colcon_core.package_identification:_identify(wk10_starter) by extension 'ros'
[0.314s] Level 1:colcon.colcon_core.package_identification:_identify(wk10_starter) by extensions ['cmake', 'python']
[0.314s] Level 1:colcon.colcon_core.package_identification:_identify(wk10_starter) by extension 'cmake'
[0.314s] Level 1:colcon.colcon_core.package_identification:_identify(wk10_starter) by extension 'python'
[0.314s] Level 1:colcon.colcon_core.package_identification:_identify(wk10_starter) by extensions ['python_setup_py']
[0.314s] Level 1:colcon.colcon_core.package_identification:_identify(wk10_starter) by extension 'python_setup_py'
[0.315s] Level 1:colcon.colcon_core.package_identification:_identify(wk10_starter/quadcopter_control) by extensions ['ignore', 'ignore_ament_install']
[0.315s] Level 1:colcon.colcon_core.package_identification:_identify(wk10_starter/quadcopter_control) by extension 'ignore'
[0.315s] Level 1:colcon.colcon_core.package_identification:_identify(wk10_starter/quadcopter_control) by extension 'ignore_ament_install'
[0.315s] Level 1:colcon.colcon_core.package_identification:_identify(wk10_starter/quadcopter_control) by extensions ['colcon_pkg']
[0.315s] Level 1:colcon.colcon_core.package_identification:_identify(wk10_starter/quadcopter_control) by extension 'colcon_pkg'
[0.315s] Level 1:colcon.colcon_core.package_identification:_identify(wk10_starter/quadcopter_control) by extensions ['colcon_meta']
[0.315s] Level 1:colcon.colcon_core.package_identification:_identify(wk10_starter/quadcopter_control) by extension 'colcon_meta'
[0.315s] Level 1:colcon.colcon_core.package_identification:_identify(wk10_starter/quadcopter_control) by extensions ['ros']
[0.315s] Level 1:colcon.colcon_core.package_identification:_identify(wk10_starter/quadcopter_control) by extension 'ros'
[0.316s] DEBUG:colcon.colcon_core.package_identification:Package 'wk10_starter/quadcopter_control' with type 'ros.ament_cmake' and name 'week10_quad'
[0.316s] Level 1:colcon.colcon_core.package_identification:_identify(wk10_starter/topics) by extensions ['ignore', 'ignore_ament_install']
[0.316s] Level 1:colcon.colcon_core.package_identification:_identify(wk10_starter/topics) by extension 'ignore'
[0.316s] Level 1:colcon.colcon_core.package_identification:_identify(wk10_starter/topics) by extension 'ignore_ament_install'
[0.316s] Level 1:colcon.colcon_core.package_identification:_identify(wk10_starter/topics) by extensions ['colcon_pkg']
[0.316s] Level 1:colcon.colcon_core.package_identification:_identify(wk10_starter/topics) by extension 'colcon_pkg'
[0.316s] Level 1:colcon.colcon_core.package_identification:_identify(wk10_starter/topics) by extensions ['colcon_meta']
[0.316s] Level 1:colcon.colcon_core.package_identification:_identify(wk10_starter/topics) by extension 'colcon_meta'
[0.316s] Level 1:colcon.colcon_core.package_identification:_identify(wk10_starter/topics) by extensions ['ros']
[0.316s] Level 1:colcon.colcon_core.package_identification:_identify(wk10_starter/topics) by extension 'ros'
[0.317s] Level 1:colcon.colcon_core.package_identification:_identify(wk10_starter/topics) by extensions ['cmake', 'python']
[0.317s] Level 1:colcon.colcon_core.package_identification:_identify(wk10_starter/topics) by extension 'cmake'
[0.317s] Level 1:colcon.colcon_core.package_identification:_identify(wk10_starter/topics) by extension 'python'
[0.317s] Level 1:colcon.colcon_core.package_identification:_identify(wk10_starter/topics) by extensions ['python_setup_py']
[0.317s] Level 1:colcon.colcon_core.package_identification:_identify(wk10_starter/topics) by extension 'python_setup_py'
[0.317s] Level 1:colcon.colcon_core.package_identification:_identify(wk10_starter/topics/minimal_publisher) by extensions ['ignore', 'ignore_ament_install']
[0.317s] Level 1:colcon.colcon_core.package_identification:_identify(wk10_starter/topics/minimal_publisher) by extension 'ignore'
[0.317s] Level 1:colcon.colcon_core.package_identification:_identify(wk10_starter/topics/minimal_publisher) by extension 'ignore_ament_install'
[0.317s] Level 1:colcon.colcon_core.package_identification:_identify(wk10_starter/topics/minimal_publisher) by extensions ['colcon_pkg']
[0.317s] Level 1:colcon.colcon_core.package_identification:_identify(wk10_starter/topics/minimal_publisher) by extension 'colcon_pkg'
[0.317s] Level 1:colcon.colcon_core.package_identification:_identify(wk10_starter/topics/minimal_publisher) by extensions ['colcon_meta']
[0.317s] Level 1:colcon.colcon_core.package_identification:_identify(wk10_starter/topics/minimal_publisher) by extension 'colcon_meta'
[0.317s] Level 1:colcon.colcon_core.package_identification:_identify(wk10_starter/topics/minimal_publisher) by extensions ['ros']
[0.317s] Level 1:colcon.colcon_core.package_identification:_identify(wk10_starter/topics/minimal_publisher) by extension 'ros'
[0.318s] DEBUG:colcon.colcon_core.package_identification:Package 'wk10_starter/topics/minimal_publisher' with type 'ros.ament_cmake' and name 'examples_rclcpp_minimal_publisher'
[0.318s] Level 1:colcon.colcon_core.package_identification:_identify(wk10_starter/topics/minimal_subscriber) by extensions ['ignore', 'ignore_ament_install']
[0.318s] Level 1:colcon.colcon_core.package_identification:_identify(wk10_starter/topics/minimal_subscriber) by extension 'ignore'
[0.318s] Level 1:colcon.colcon_core.package_identification:_identify(wk10_starter/topics/minimal_subscriber) by extension 'ignore_ament_install'
[0.318s] Level 1:colcon.colcon_core.package_identification:_identify(wk10_starter/topics/minimal_subscriber) by extensions ['colcon_pkg']
[0.318s] Level 1:colcon.colcon_core.package_identification:_identify(wk10_starter/topics/minimal_subscriber) by extension 'colcon_pkg'
[0.318s] Level 1:colcon.colcon_core.package_identification:_identify(wk10_starter/topics/minimal_subscriber) by extensions ['colcon_meta']
[0.319s] Level 1:colcon.colcon_core.package_identification:_identify(wk10_starter/topics/minimal_subscriber) by extension 'colcon_meta'
[0.319s] Level 1:colcon.colcon_core.package_identification:_identify(wk10_starter/topics/minimal_subscriber) by extensions ['ros']
[0.319s] Level 1:colcon.colcon_core.package_identification:_identify(wk10_starter/topics/minimal_subscriber) by extension 'ros'
[0.319s] DEBUG:colcon.colcon_core.package_identification:Package 'wk10_starter/topics/minimal_subscriber' with type 'ros.ament_cmake' and name 'examples_rclcpp_minimal_subscriber'
[0.319s] Level 1:colcon.colcon_core.package_identification:_identify(wk10_starter/topics_masterclass) by extensions ['ignore', 'ignore_ament_install']
[0.320s] Level 1:colcon.colcon_core.package_identification:_identify(wk10_starter/topics_masterclass) by extension 'ignore'
[0.320s] Level 1:colcon.colcon_core.package_identification:_identify(wk10_starter/topics_masterclass) by extension 'ignore_ament_install'
[0.320s] Level 1:colcon.colcon_core.package_identification:_identify(wk10_starter/topics_masterclass) by extensions ['colcon_pkg']
[0.320s] Level 1:colcon.colcon_core.package_identification:_identify(wk10_starter/topics_masterclass) by extension 'colcon_pkg'
[0.320s] Level 1:colcon.colcon_core.package_identification:_identify(wk10_starter/topics_masterclass) by extensions ['colcon_meta']
[0.320s] Level 1:colcon.colcon_core.package_identification:_identify(wk10_starter/topics_masterclass) by extension 'colcon_meta'
[0.320s] Level 1:colcon.colcon_core.package_identification:_identify(wk10_starter/topics_masterclass) by extensions ['ros']
[0.320s] Level 1:colcon.colcon_core.package_identification:_identify(wk10_starter/topics_masterclass) by extension 'ros'
[0.333s] DEBUG:colcon.colcon_core.package_identification:Package 'wk10_starter/topics_masterclass' with type 'ros.ament_cmake' and name 'week10_laser'
[0.334s] Level 1:colcon.colcon_core.package_identification:_identify(wk11_starter) by extensions ['ignore', 'ignore_ament_install']
[0.334s] Level 1:colcon.colcon_core.package_identification:_identify(wk11_starter) by extension 'ignore'
[0.334s] Level 1:colcon.colcon_core.package_identification:_identify(wk11_starter) by extension 'ignore_ament_install'
[0.334s] Level 1:colcon.colcon_core.package_identification:_identify(wk11_starter) by extensions ['colcon_pkg']
[0.334s] Level 1:colcon.colcon_core.package_identification:_identify(wk11_starter) by extension 'colcon_pkg'
[0.334s] Level 1:colcon.colcon_core.package_identification:_identify(wk11_starter) by extensions ['colcon_meta']
[0.334s] Level 1:colcon.colcon_core.package_identification:_identify(wk11_starter) by extension 'colcon_meta'
[0.334s] Level 1:colcon.colcon_core.package_identification:_identify(wk11_starter) by extensions ['ros']
[0.334s] Level 1:colcon.colcon_core.package_identification:_identify(wk11_starter) by extension 'ros'
[0.334s] Level 1:colcon.colcon_core.package_identification:_identify(wk11_starter) by extensions ['cmake', 'python']
[0.334s] Level 1:colcon.colcon_core.package_identification:_identify(wk11_starter) by extension 'cmake'
[0.334s] Level 1:colcon.colcon_core.package_identification:_identify(wk11_starter) by extension 'python'
[0.334s] Level 1:colcon.colcon_core.package_identification:_identify(wk11_starter) by extensions ['python_setup_py']
[0.334s] Level 1:colcon.colcon_core.package_identification:_identify(wk11_starter) by extension 'python_setup_py'
[0.335s] Level 1:colcon.colcon_core.package_identification:_identify(wk11_starter/grid_example) by extensions ['ignore', 'ignore_ament_install']
[0.335s] Level 1:colcon.colcon_core.package_identification:_identify(wk11_starter/grid_example) by extension 'ignore'
[0.335s] Level 1:colcon.colcon_core.package_identification:_identify(wk11_starter/grid_example) by extension 'ignore_ament_install'
[0.335s] Level 1:colcon.colcon_core.package_identification:_identify(wk11_starter/grid_example) by extensions ['colcon_pkg']
[0.335s] Level 1:colcon.colcon_core.package_identification:_identify(wk11_starter/grid_example) by extension 'colcon_pkg'
[0.335s] Level 1:colcon.colcon_core.package_identification:_identify(wk11_starter/grid_example) by extensions ['colcon_meta']
[0.335s] Level 1:colcon.colcon_core.package_identification:_identify(wk11_starter/grid_example) by extension 'colcon_meta'
[0.335s] Level 1:colcon.colcon_core.package_identification:_identify(wk11_starter/grid_example) by extensions ['ros']
[0.335s] Level 1:colcon.colcon_core.package_identification:_identify(wk11_starter/grid_example) by extension 'ros'
[0.336s] DEBUG:colcon.colcon_core.package_identification:Package 'wk11_starter/grid_example' with type 'ros.ament_cmake' and name 'grid_example'
[0.337s] Level 1:colcon.colcon_core.package_identification:_identify(wk11_starter/services_masterclass) by extensions ['ignore', 'ignore_ament_install']
[0.337s] Level 1:colcon.colcon_core.package_identification:_identify(wk11_starter/services_masterclass) by extension 'ignore'
[0.337s] Level 1:colcon.colcon_core.package_identification:_identify(wk11_starter/services_masterclass) by extension 'ignore_ament_install'
[0.337s] Level 1:colcon.colcon_core.package_identification:_identify(wk11_starter/services_masterclass) by extensions ['colcon_pkg']
[0.337s] Level 1:colcon.colcon_core.package_identification:_identify(wk11_starter/services_masterclass) by extension 'colcon_pkg'
[0.337s] Level 1:colcon.colcon_core.package_identification:_identify(wk11_starter/services_masterclass) by extensions ['colcon_meta']
[0.337s] Level 1:colcon.colcon_core.package_identification:_identify(wk11_starter/services_masterclass) by extension 'colcon_meta'
[0.337s] Level 1:colcon.colcon_core.package_identification:_identify(wk11_starter/services_masterclass) by extensions ['ros']
[0.337s] Level 1:colcon.colcon_core.package_identification:_identify(wk11_starter/services_masterclass) by extension 'ros'
[0.338s] DEBUG:colcon.colcon_core.package_identification:Package 'wk11_starter/services_masterclass' with type 'ros.ament_cmake' and name 'week11_quad'
[0.338s] Level 1:colcon.colcon_core.package_identification:_identify(wk11_starter/srv_client_checks) by extensions ['ignore', 'ignore_ament_install']
[0.338s] Level 1:colcon.colcon_core.package_identification:_identify(wk11_starter/srv_client_checks) by extension 'ignore'
[0.339s] Level 1:colcon.colcon_core.package_identification:_identify(wk11_starter/srv_client_checks) by extension 'ignore_ament_install'
[0.339s] Level 1:colcon.colcon_core.package_identification:_identify(wk11_starter/srv_client_checks) by extensions ['colcon_pkg']
[0.339s] Level 1:colcon.colcon_core.package_identification:_identify(wk11_starter/srv_client_checks) by extension 'colcon_pkg'
[0.339s] Level 1:colcon.colcon_core.package_identification:_identify(wk11_starter/srv_client_checks) by extensions ['colcon_meta']
[0.339s] Level 1:colcon.colcon_core.package_identification:_identify(wk11_starter/srv_client_checks) by extension 'colcon_meta'
[0.339s] Level 1:colcon.colcon_core.package_identification:_identify(wk11_starter/srv_client_checks) by extensions ['ros']
[0.339s] Level 1:colcon.colcon_core.package_identification:_identify(wk11_starter/srv_client_checks) by extension 'ros'
[0.339s] DEBUG:colcon.colcon_core.package_identification:Package 'wk11_starter/srv_client_checks' with type 'ros.ament_cmake' and name 'srv_client_checks'
[0.340s] Level 1:colcon.colcon_core.package_discovery:discover_packages(recursive) using defaults
[0.340s] Level 1:colcon.colcon_core.package_discovery:discover_packages(ignore) discover
[0.340s] Level 1:colcon.colcon_core.package_discovery:discover_packages(ignore) using defaults
[0.340s] Level 1:colcon.colcon_core.package_discovery:discover_packages(path) discover
[0.340s] Level 1:colcon.colcon_core.package_discovery:discover_packages(path) using defaults
[0.364s] INFO:colcon.colcon_core.package_selection:Skipping not selected package 'examples_rclcpp_minimal_publisher' in 'wk10_starter/topics/minimal_publisher'
[0.364s] INFO:colcon.colcon_core.package_selection:Skipping not selected package 'examples_rclcpp_minimal_subscriber' in 'wk10_starter/topics/minimal_subscriber'
[0.364s] INFO:colcon.colcon_core.package_selection:Skipping not selected package 'grid_example' in 'wk11_starter/grid_example'
[0.364s] INFO:colcon.colcon_core.package_selection:Skipping not selected package 'quiz4_b' in 'b'
[0.364s] INFO:colcon.colcon_core.package_selection:Skipping not selected package 'srv_client_checks' in 'wk11_starter/srv_client_checks'
[0.364s] INFO:colcon.colcon_core.package_selection:Skipping not selected package 'week10_laser' in 'wk10_starter/topics_masterclass'
[0.364s] INFO:colcon.colcon_core.package_selection:Skipping not selected package 'week10_quad' in 'wk10_starter/quadcopter_control'
[0.364s] INFO:colcon.colcon_core.package_selection:Skipping not selected package 'week11_quad' in 'wk11_starter/services_masterclass'
[0.364s] Level 1:colcon.colcon_core.package_discovery:discover_packages(prefix_path) check parameters
[0.365s] Level 1:colcon.colcon_core.package_discovery:discover_packages(prefix_path) discover
[0.367s] DEBUG:colcon.colcon_installed_package_information.package_discovery:Found 9 installed packages in /home/student/ros2_ws/install
[0.369s] DEBUG:colcon.colcon_installed_package_information.package_discovery:Found 324 installed packages in /opt/ros/humble
[0.372s] Level 1:colcon.colcon_core.package_discovery:discover_packages(prefix_path) using defaults
[0.427s] Level 5:colcon.colcon_core.verb:set package 'quiz5' build argument 'cmake_args' from command line to 'None'
[0.427s] Level 5:colcon.colcon_core.verb:set package 'quiz5' build argument 'cmake_target' from command line to 'None'
[0.427s] Level 5:colcon.colcon_core.verb:set package 'quiz5' build argument 'cmake_target_skip_unavailable' from command line to 'False'
[0.427s] Level 5:colcon.colcon_core.verb:set package 'quiz5' build argument 'cmake_clean_cache' from command line to 'False'
[0.427s] Level 5:colcon.colcon_core.verb:set package 'quiz5' build argument 'cmake_clean_first' from command line to 'False'
[0.428s] Level 5:colcon.colcon_core.verb:set package 'quiz5' build argument 'cmake_force_configure' from command line to 'False'
[0.428s] Level 5:colcon.colcon_core.verb:set package 'quiz5' build argument 'ament_cmake_args' from command line to 'None'
[0.428s] Level 5:colcon.colcon_core.verb:set package 'quiz5' build argument 'catkin_cmake_args' from command line to 'None'
[0.428s] Level 5:colcon.colcon_core.verb:set package 'quiz5' build argument 'catkin_skip_building_tests' from command line to 'False'
[0.428s] DEBUG:colcon.colcon_core.verb:Building package 'quiz5' with the following arguments: {'ament_cmake_args': None, 'build_base': '/home/student/ros2_ws/src/build/quiz5', 'catkin_cmake_args': None, 'catkin_skip_building_tests': False, 'cmake_args': None, 'cmake_clean_cache': False, 'cmake_clean_first': False, 'cmake_force_configure': False, 'cmake_target': None, 'cmake_target_skip_unavailable': False, 'install_base': '/home/student/ros2_ws/src/install/quiz5', 'merge_install': False, 'path': '/home/student/ros2_ws/src/quiz5', 'symlink_install': True, 'test_result_base': None}
[0.428s] INFO:colcon.colcon_core.executor:Executing jobs using 'parallel' executor
[0.430s] DEBUG:colcon.colcon_parallel_executor.executor.parallel:run_until_complete
[0.430s] INFO:colcon.colcon_ros.task.ament_cmake.build:Building ROS package in '/home/student/ros2_ws/src/quiz5' with build type 'ament_cmake'
[0.431s] INFO:colcon.colcon_cmake.task.cmake.build:Building CMake package in '/home/student/ros2_ws/src/quiz5'
[0.433s] INFO:colcon.colcon_core.plugin_system:Skipping extension 'colcon_core.shell.bat': Not used on non-Windows systems
[0.434s] INFO:colcon.colcon_core.shell:Skip shell extension 'powershell' for command environment: Not usable outside of PowerShell
[0.434s] DEBUG:colcon.colcon_core.shell:Skip shell extension 'dsv' for command environment
[0.447s] DEBUG:colcon.colcon_core.event_handler.log_command:Invoking command in '/home/student/ros2_ws/src/build/quiz5': CMAKE_PREFIX_PATH=${CMAKE_PREFIX_PATH}:/opt/ros/humble /usr/bin/cmake --build /home/student/ros2_ws/src/build/quiz5 -- -j8 -l8
[1.981s] DEBUG:colcon.colcon_core.event_handler.log_command:Invoked command in '/home/student/ros2_ws/src/build/quiz5' returned '0': CMAKE_PREFIX_PATH=${CMAKE_PREFIX_PATH}:/opt/ros/humble /usr/bin/cmake --build /home/student/ros2_ws/src/build/quiz5 -- -j8 -l8
[1.992s] DEBUG:colcon.colcon_core.event_handler.log_command:Invoking command in '/home/student/ros2_ws/src/build/quiz5': CMAKE_PREFIX_PATH=${CMAKE_PREFIX_PATH}:/opt/ros/humble /usr/bin/cmake --install /home/student/ros2_ws/src/build/quiz5
[2.015s] Level 1:colcon.colcon_core.environment:create_environment_scripts_only(quiz5)
[2.016s] DEBUG:colcon.colcon_core.event_handler.log_command:Invoked command in '/home/student/ros2_ws/src/build/quiz5' returned '0': CMAKE_PREFIX_PATH=${CMAKE_PREFIX_PATH}:/opt/ros/humble /usr/bin/cmake --install /home/student/ros2_ws/src/build/quiz5
[2.018s] Level 1:colcon.colcon_core.environment:checking '/home/student/ros2_ws/src/install/quiz5' for CMake module files
[2.019s] Level 1:colcon.colcon_core.environment:checking '/home/student/ros2_ws/src/install/quiz5' for CMake config files
[2.019s] Level 1:colcon.colcon_core.shell:create_environment_hook('quiz5', 'cmake_prefix_path')
[2.020s] INFO:colcon.colcon_core.shell:Creating environment hook '/home/student/ros2_ws/src/install/quiz5/share/quiz5/hook/cmake_prefix_path.ps1'
[2.021s] INFO:colcon.colcon_core.shell:Creating environment descriptor '/home/student/ros2_ws/src/install/quiz5/share/quiz5/hook/cmake_prefix_path.dsv'
[2.021s] INFO:colcon.colcon_core.shell:Creating environment hook '/home/student/ros2_ws/src/install/quiz5/share/quiz5/hook/cmake_prefix_path.sh'
[2.023s] Level 1:colcon.colcon_core.environment:checking '/home/student/ros2_ws/src/install/quiz5/lib'
[2.023s] Level 1:colcon.colcon_core.environment:checking '/home/student/ros2_ws/src/install/quiz5/bin'
[2.023s] Level 1:colcon.colcon_core.environment:checking '/home/student/ros2_ws/src/install/quiz5/lib/pkgconfig/quiz5.pc'
[2.024s] Level 1:colcon.colcon_core.environment:checking '/home/student/ros2_ws/src/install/quiz5/lib/python3.10/site-packages'
[2.024s] Level 1:colcon.colcon_core.environment:checking '/home/student/ros2_ws/src/install/quiz5/bin'
[2.025s] INFO:colcon.colcon_core.shell:Creating package script '/home/student/ros2_ws/src/install/quiz5/share/quiz5/package.ps1'
[2.025s] INFO:colcon.colcon_core.shell:Creating package descriptor '/home/student/ros2_ws/src/install/quiz5/share/quiz5/package.dsv'
[2.026s] INFO:colcon.colcon_core.shell:Creating package script '/home/student/ros2_ws/src/install/quiz5/share/quiz5/package.sh'
[2.027s] INFO:colcon.colcon_core.shell:Creating package script '/home/student/ros2_ws/src/install/quiz5/share/quiz5/package.bash'
[2.027s] INFO:colcon.colcon_core.shell:Creating package script '/home/student/ros2_ws/src/install/quiz5/share/quiz5/package.zsh'
[2.028s] Level 1:colcon.colcon_core.environment:create_file_with_runtime_dependencies(/home/student/ros2_ws/src/install/quiz5/share/colcon-core/packages/quiz5)
[2.029s] Level 1:colcon.colcon_core.environment:create_environment_scripts_only(quiz5)
[2.029s] Level 1:colcon.colcon_core.environment:checking '/home/student/ros2_ws/src/install/quiz5' for CMake module files
[2.030s] Level 1:colcon.colcon_core.environment:checking '/home/student/ros2_ws/src/install/quiz5' for CMake config files
[2.030s] Level 1:colcon.colcon_core.shell:create_environment_hook('quiz5', 'cmake_prefix_path')
[2.030s] INFO:colcon.colcon_core.shell:Creating environment hook '/home/student/ros2_ws/src/install/quiz5/share/quiz5/hook/cmake_prefix_path.ps1'
[2.031s] INFO:colcon.colcon_core.shell:Creating environment descriptor '/home/student/ros2_ws/src/install/quiz5/share/quiz5/hook/cmake_prefix_path.dsv'
[2.031s] INFO:colcon.colcon_core.shell:Creating environment hook '/home/student/ros2_ws/src/install/quiz5/share/quiz5/hook/cmake_prefix_path.sh'
[2.031s] Level 1:colcon.colcon_core.environment:checking '/home/student/ros2_ws/src/install/quiz5/lib'
[2.032s] Level 1:colcon.colcon_core.environment:checking '/home/student/ros2_ws/src/install/quiz5/bin'
[2.032s] Level 1:colcon.colcon_core.environment:checking '/home/student/ros2_ws/src/install/quiz5/lib/pkgconfig/quiz5.pc'
[2.032s] Level 1:colcon.colcon_core.environment:checking '/home/student/ros2_ws/src/install/quiz5/lib/python3.10/site-packages'
[2.032s] Level 1:colcon.colcon_core.environment:checking '/home/student/ros2_ws/src/install/quiz5/bin'
[2.032s] INFO:colcon.colcon_core.shell:Creating package script '/home/student/ros2_ws/src/install/quiz5/share/quiz5/package.ps1'
[2.033s] INFO:colcon.colcon_core.shell:Creating package descriptor '/home/student/ros2_ws/src/install/quiz5/share/quiz5/package.dsv'
[2.033s] INFO:colcon.colcon_core.shell:Creating package script '/home/student/ros2_ws/src/install/quiz5/share/quiz5/package.sh'
[2.034s] INFO:colcon.colcon_core.shell:Creating package script '/home/student/ros2_ws/src/install/quiz5/share/quiz5/package.bash'
[2.035s] INFO:colcon.colcon_core.shell:Creating package script '/home/student/ros2_ws/src/install/quiz5/share/quiz5/package.zsh'
[2.035s] Level 1:colcon.colcon_core.environment:create_file_with_runtime_dependencies(/home/student/ros2_ws/src/install/quiz5/share/colcon-core/packages/quiz5)
[2.036s] DEBUG:colcon.colcon_parallel_executor.executor.parallel:closing loop
[2.036s] DEBUG:colcon.colcon_parallel_executor.executor.parallel:loop closed
[2.036s] DEBUG:colcon.colcon_parallel_executor.executor.parallel:run_until_complete finished with '0'
[2.037s] DEBUG:colcon.colcon_core.event_reactor:joining thread
[2.042s] INFO:colcon.colcon_core.plugin_system:Skipping extension 'colcon_notification.desktop_notification.terminal_notifier': Not used on non-Darwin systems
[2.042s] INFO:colcon.colcon_core.plugin_system:Skipping extension 'colcon_notification.desktop_notification.win32': Not used on non-Windows systems
[2.042s] INFO:colcon.colcon_notification.desktop_notification:Sending desktop notification using 'notify2'
[2.060s] DEBUG:colcon.colcon_core.event_reactor:joined thread
[2.060s] INFO:colcon.colcon_core.shell:Creating prefix script '/home/student/ros2_ws/src/install/local_setup.ps1'
[2.062s] INFO:colcon.colcon_core.shell:Creating prefix util module '/home/student/ros2_ws/src/install/_local_setup_util_ps1.py'
[2.063s] INFO:colcon.colcon_core.shell:Creating prefix chain script '/home/student/ros2_ws/src/install/setup.ps1'
[2.065s] INFO:colcon.colcon_core.shell:Creating prefix script '/home/student/ros2_ws/src/install/local_setup.sh'
[2.066s] INFO:colcon.colcon_core.shell:Creating prefix util module '/home/student/ros2_ws/src/install/_local_setup_util_sh.py'
[2.067s] INFO:colcon.colcon_core.shell:Creating prefix chain script '/home/student/ros2_ws/src/install/setup.sh'
[2.069s] INFO:colcon.colcon_core.shell:Creating prefix script '/home/student/ros2_ws/src/install/local_setup.bash'
[2.070s] INFO:colcon.colcon_core.shell:Creating prefix chain script '/home/student/ros2_ws/src/install/setup.bash'
[2.072s] INFO:colcon.colcon_core.shell:Creating prefix script '/home/student/ros2_ws/src/install/local_setup.zsh'
[2.073s] INFO:colcon.colcon_core.shell:Creating prefix chain script '/home/student/ros2_ws/src/install/setup.zsh'
