-- The C compiler identification is GNU 11.4.0
-- The CXX compiler identification is GNU 11.4.0
-- Detecting C compiler ABI info
-- Detecting C compiler ABI info - done
-- Check for working C compiler: /usr/bin/cc - skipped
-- Detecting C compile features
-- Detecting C compile features - done
-- Detecting CXX compiler ABI info
-- Detecting CXX compiler ABI info - done
-- Check for working CXX compiler: /usr/bin/c++ - skipped
-- Detecting CXX compile features
-- Detecting CXX compile features - done
-- Found ament_cmake: 1.3.11 (/opt/ros/humble/share/ament_cmake/cmake)
-- Found Python3: /usr/bin/python3 (found version "3.10.12") found components: Interpreter 
-- Override CMake install command with custom implementation using symlinks instead of copying resources
-- Found rclcpp: 16.0.12 (/opt/ros/humble/share/rclcpp/cmake)
-- Found rosidl_generator_c: 3.1.6 (/opt/ros/humble/share/rosidl_generator_c/cmake)
-- Found rosidl_adapter: 3.1.6 (/opt/ros/humble/share/rosidl_adapter/cmake)
-- Found rosidl_generator_cpp: 3.1.6 (/opt/ros/humble/share/rosidl_generator_cpp/cmake)
-- Using all available rosidl_typesupport_c: rosidl_typesupport_fastrtps_c;rosidl_typesupport_introspection_c
-- Using all available rosidl_typesupport_cpp: rosidl_typesupport_fastrtps_cpp;rosidl_typesupport_introspection_cpp
-- Found rmw_implementation_cmake: 6.1.2 (/opt/ros/humble/share/rmw_implementation_cmake/cmake)
-- Found rmw_fastrtps_cpp: 6.2.7 (/opt/ros/humble/share/rmw_fastrtps_cpp/cmake)
-- Found OpenSSL: /usr/lib/x86_64-linux-gnu/libcrypto.so (found version "3.0.2")  
-- Found FastRTPS: /opt/ros/humble/include  
-- Using RMW implementation 'rmw_fastrtps_cpp' as default
-- Looking for pthread.h
-- Looking for pthread.h - found
-- Performing Test CMAKE_HAVE_LIBC_PTHREAD
-- Performing Test CMAKE_HAVE_LIBC_PTHREAD - Success
-- Found Threads: TRUE  
-- Found nav_msgs: 4.8.0 (/opt/ros/humble/share/nav_msgs/cmake)
-- Found sensor_msgs: 4.8.0 (/opt/ros/humble/share/sensor_msgs/cmake)
-- Found tf2: 0.25.12 (/opt/ros/humble/share/tf2/cmake)
-- Found tf2_ros: 0.25.12 (/opt/ros/humble/share/tf2_ros/cmake)
-- Found tf2_geometry_msgs: 0.25.12 (/opt/ros/humble/share/tf2_geometry_msgs/cmake)
-- Found eigen3_cmake_module: 0.1.1 (/opt/ros/humble/share/eigen3_cmake_module/cmake)
-- Found Eigen3: TRUE (found version "3.4.0") 
-- Ensuring Eigen3 include directory is part of orocos-kdl CMake target
-- Found ament_cmake_ros: 0.10.0 (/opt/ros/humble/share/ament_cmake_ros/cmake)
-- Found rosbag2_cpp: 0.15.14 (/opt/ros/humble/share/rosbag2_cpp/cmake)
-- Found gtest sources under '/opt/ros/humble/src/gtest_vendor': C++ tests using 'Google Test' will be built
-- Configuring done
-- Generating done
-- Build files have been written to: /home/student/ros2_ws/src/build/quiz5
[  9%] [32mBuilding CXX object gtest/CMakeFiles/gtest_main.dir/src/gtest_main.cc.o[0m
[ 27%] [32mBuilding CXX object CMakeFiles/laserprocessing.dir/src/laserprocessing.cpp.o[0m
[ 27%] [32mBuilding CXX object gtest/CMakeFiles/gtest.dir/src/gtest-all.cc.o[0m
[01m[K/home/student/ros2_ws/src/quiz5/src/laserprocessing.cpp:[m[K In member function ‘[01m[Kgeometry_msgs::msg::Point LaserProcessing::detectClosestCone()[m[K’:
[01m[K/home/student/ros2_ws/src/quiz5/src/laserprocessing.cpp:120:18:[m[K [01;35m[Kwarning: [m[Kvariable ‘[01m[Kclosest_index[m[K’ set but not used [[01;35m[K]8;;https://gcc.gnu.org/onlinedocs/gcc/Warning-Options.html#index-Wunused-but-set-variable-Wunused-but-set-variable]8;;[m[K]
  120 |     unsigned int [01;35m[Kclosest_index[m[K = 0;
      |                  [01;35m[K^~~~~~~~~~~~~[m[K
[ 36%] [32m[1mLinking CXX shared library liblaserprocessing.so[0m
[ 45%] [32m[1mLinking CXX static library libgtest_main.a[0m
[ 45%] Built target gtest_main
[ 45%] Built target laserprocessing
[ 63%] [32mBuilding CXX object CMakeFiles/sample.dir/src/detection_node.cpp.o[0m
[ 63%] [32mBuilding CXX object CMakeFiles/sample.dir/src/main.cpp.o[0m
[ 72%] [32m[1mLinking CXX static library libgtest.a[0m
[ 72%] Built target gtest
[ 81%] [32mBuilding CXX object CMakeFiles/test_quiz5_a1.dir/test/utest.cpp.o[0m
[ 90%] [32m[1mLinking CXX executable test_quiz5_a1[0m
[ 90%] Built target test_quiz5_a1
[100%] [32m[1mLinking CXX executable sample[0m
[100%] Built target sample
-- Install configuration: ""
-- Execute custom install script
-- Symlinking: /home/student/ros2_ws/src/install/quiz5/lib/quiz5/sample
-- Symlinking: /home/student/ros2_ws/src/install/quiz5/lib/quiz5/liblaserprocessing.so
-- Symlinking: /home/student/ros2_ws/src/install/quiz5/share/quiz5/data/ros2/metadata.yaml
-- Symlinking: /home/student/ros2_ws/src/install/quiz5/share/quiz5/data/ros2/ros2.db3
-- Symlinking: /home/student/ros2_ws/src/install/quiz5/share/ament_index/resource_index/package_run_dependencies/quiz5
-- Symlinking: /home/student/ros2_ws/src/install/quiz5/share/ament_index/resource_index/parent_prefix_path/quiz5
-- Symlinking: /home/student/ros2_ws/src/install/quiz5/share/quiz5/environment/ament_prefix_path.sh
-- Symlinking: /home/student/ros2_ws/src/install/quiz5/share/quiz5/environment/ament_prefix_path.dsv
-- Symlinking: /home/student/ros2_ws/src/install/quiz5/share/quiz5/environment/path.sh
-- Symlinking: /home/student/ros2_ws/src/install/quiz5/share/quiz5/environment/path.dsv
-- Symlinking: /home/student/ros2_ws/src/install/quiz5/share/quiz5/local_setup.bash
-- Symlinking: /home/student/ros2_ws/src/install/quiz5/share/quiz5/local_setup.sh
-- Symlinking: /home/student/ros2_ws/src/install/quiz5/share/quiz5/local_setup.zsh
-- Symlinking: /home/student/ros2_ws/src/install/quiz5/share/quiz5/local_setup.dsv
-- Symlinking: /home/student/ros2_ws/src/install/quiz5/share/quiz5/package.dsv
-- Symlinking: /home/student/ros2_ws/src/install/quiz5/share/ament_index/resource_index/packages/quiz5
-- Symlinking: /home/student/ros2_ws/src/install/quiz5/share/quiz5/cmake/quiz5Config.cmake
-- Symlinking: /home/student/ros2_ws/src/install/quiz5/share/quiz5/cmake/quiz5Config-version.cmake
-- Symlinking: /home/student/ros2_ws/src/install/quiz5/share/quiz5/package.xml
