[0.020s] Invoking command in '/home/student/ros2_ws/src/build/quiz5': CMAKE_PREFIX_PATH=${CMAKE_PREFIX_PATH}:/opt/ros/humble /usr/bin/cmake /home/student/ros2_ws/src/quiz5 -DAMENT_CMAKE_SYMLINK_INSTALL=1 -DCMAKE_INSTALL_PREFIX=/home/student/ros2_ws/src/install/quiz5
[0.095s] -- The C compiler identification is GNU 11.4.0
[0.163s] -- The CXX compiler identification is GNU 11.4.0
[0.171s] -- Detecting C compiler ABI info
[0.252s] -- Detecting C compiler ABI info - done
[0.262s] -- Check for working C compiler: /usr/bin/cc - skipped
[0.263s] -- Detecting C compile features
[0.263s] -- Detecting C compile features - done
[0.266s] -- Detecting CXX compiler ABI info
[0.363s] -- Detecting CXX compiler ABI info - done
[0.372s] -- Check for working CXX compiler: /usr/bin/c++ - skipped
[0.372s] -- Detecting CXX compile features
[0.372s] -- Detecting CXX compile features - done
[0.376s] -- Found ament_cmake: 1.3.11 (/opt/ros/humble/share/ament_cmake/cmake)
[0.554s] -- Found Python3: /usr/bin/python3 (found version "3.10.12") found components: Interpreter 
[0.623s] -- Override CMake install command with custom implementation using symlinks instead of copying resources
[0.662s] -- Found rclcpp: 16.0.12 (/opt/ros/humble/share/rclcpp/cmake)
[0.712s] -- Found rosidl_generator_c: 3.1.6 (/opt/ros/humble/share/rosidl_generator_c/cmake)
[0.718s] -- Found rosidl_adapter: 3.1.6 (/opt/ros/humble/share/rosidl_adapter/cmake)
[0.728s] -- Found rosidl_generator_cpp: 3.1.6 (/opt/ros/humble/share/rosidl_generator_cpp/cmake)
[0.743s] -- Using all available rosidl_typesupport_c: rosidl_typesupport_fastrtps_c;rosidl_typesupport_introspection_c
[0.769s] -- Using all available rosidl_typesupport_cpp: rosidl_typesupport_fastrtps_cpp;rosidl_typesupport_introspection_cpp
[0.827s] -- Found rmw_implementation_cmake: 6.1.2 (/opt/ros/humble/share/rmw_implementation_cmake/cmake)
[0.830s] -- Found rmw_fastrtps_cpp: 6.2.7 (/opt/ros/humble/share/rmw_fastrtps_cpp/cmake)
[0.926s] -- Found OpenSSL: /usr/lib/x86_64-linux-gnu/libcrypto.so (found version "3.0.2")  
[0.960s] -- Found FastRTPS: /opt/ros/humble/include  
[1.008s] -- Using RMW implementation 'rmw_fastrtps_cpp' as default
[1.018s] -- Looking for pthread.h
[1.109s] -- Looking for pthread.h - found
[1.109s] -- Performing Test CMAKE_HAVE_LIBC_PTHREAD
[1.205s] -- Performing Test CMAKE_HAVE_LIBC_PTHREAD - Success
[1.206s] -- Found Threads: TRUE  
[1.281s] -- Found nav_msgs: 4.8.0 (/opt/ros/humble/share/nav_msgs/cmake)
[1.340s] -- Found sensor_msgs: 4.8.0 (/opt/ros/humble/share/sensor_msgs/cmake)
[1.377s] -- Found tf2: 0.25.12 (/opt/ros/humble/share/tf2/cmake)
[1.403s] -- Found tf2_ros: 0.25.12 (/opt/ros/humble/share/tf2_ros/cmake)
[1.625s] -- Found tf2_geometry_msgs: 0.25.12 (/opt/ros/humble/share/tf2_geometry_msgs/cmake)
[1.677s] -- Found eigen3_cmake_module: 0.1.1 (/opt/ros/humble/share/eigen3_cmake_module/cmake)
[1.685s] -- Found Eigen3: TRUE (found version "3.4.0") 
[1.685s] -- Ensuring Eigen3 include directory is part of orocos-kdl CMake target
[1.695s] -- Found ament_cmake_ros: 0.10.0 (/opt/ros/humble/share/ament_cmake_ros/cmake)
[1.729s] -- Found rosbag2_cpp: 0.15.14 (/opt/ros/humble/share/rosbag2_cpp/cmake)
[1.817s] -- Found gtest sources under '/opt/ros/humble/src/gtest_vendor': C++ tests using 'Google Test' will be built
[1.905s] -- Configuring done
[1.954s] -- Generating done
[1.963s] -- Build files have been written to: /home/student/ros2_ws/src/build/quiz5
[1.981s] Invoked command in '/home/student/ros2_ws/src/build/quiz5' returned '0': CMAKE_PREFIX_PATH=${CMAKE_PREFIX_PATH}:/opt/ros/humble /usr/bin/cmake /home/student/ros2_ws/src/quiz5 -DAMENT_CMAKE_SYMLINK_INSTALL=1 -DCMAKE_INSTALL_PREFIX=/home/student/ros2_ws/src/install/quiz5
[1.983s] Invoking command in '/home/student/ros2_ws/src/build/quiz5': CMAKE_PREFIX_PATH=${CMAKE_PREFIX_PATH}:/opt/ros/humble /usr/bin/cmake --build /home/student/ros2_ws/src/build/quiz5 -- -j8 -l8
[2.044s] [  9%] [32mBuilding CXX object gtest/CMakeFiles/gtest_main.dir/src/gtest_main.cc.o[0m
[2.044s] [ 27%] [32mBuilding CXX object CMakeFiles/laserprocessing.dir/src/laserprocessing.cpp.o[0m
[2.045s] [ 27%] [32mBuilding CXX object gtest/CMakeFiles/gtest.dir/src/gtest-all.cc.o[0m
[2.960s] [01m[K/home/student/ros2_ws/src/quiz5/src/laserprocessing.cpp:[m[K In member function ‘[01m[Kgeometry_msgs::msg::Point LaserProcessing::detectClosestCone()[m[K’:
[2.960s] [01m[K/home/student/ros2_ws/src/quiz5/src/laserprocessing.cpp:120:18:[m[K [01;35m[Kwarning: [m[Kvariable ‘[01m[Kclosest_index[m[K’ set but not used [[01;35m[K]8;;https://gcc.gnu.org/onlinedocs/gcc/Warning-Options.html#index-Wunused-but-set-variable-Wunused-but-set-variable]8;;[m[K]
[2.960s]   120 |     unsigned int [01;35m[Kclosest_index[m[K = 0;
[2.960s]       |                  [01;35m[K^~~~~~~~~~~~~[m[K
[3.234s] [ 36%] [32m[1mLinking CXX shared library liblaserprocessing.so[0m
[3.373s] [ 45%] [32m[1mLinking CXX static library libgtest_main.a[0m
[3.429s] [ 45%] Built target gtest_main
[3.774s] [ 45%] Built target laserprocessing
[3.801s] [ 63%] [32mBuilding CXX object CMakeFiles/sample.dir/src/detection_node.cpp.o[0m
[3.801s] [ 63%] [32mBuilding CXX object CMakeFiles/sample.dir/src/main.cpp.o[0m
[6.056s] [ 72%] [32m[1mLinking CXX static library libgtest.a[0m
[6.123s] [ 72%] Built target gtest
[6.149s] [ 81%] [32mBuilding CXX object CMakeFiles/test_quiz5_a1.dir/test/utest.cpp.o[0m
[10.404s] [ 90%] [32m[1mLinking CXX executable test_quiz5_a1[0m
[10.743s] [ 90%] Built target test_quiz5_a1
[13.161s] [100%] [32m[1mLinking CXX executable sample[0m
[13.778s] [100%] Built target sample
[13.792s] Invoked command in '/home/student/ros2_ws/src/build/quiz5' returned '0': CMAKE_PREFIX_PATH=${CMAKE_PREFIX_PATH}:/opt/ros/humble /usr/bin/cmake --build /home/student/ros2_ws/src/build/quiz5 -- -j8 -l8
[13.804s] Invoking command in '/home/student/ros2_ws/src/build/quiz5': CMAKE_PREFIX_PATH=${CMAKE_PREFIX_PATH}:/opt/ros/humble /usr/bin/cmake --install /home/student/ros2_ws/src/build/quiz5
[13.811s] -- Install configuration: ""
[13.812s] -- Execute custom install script
[13.812s] -- Symlinking: /home/student/ros2_ws/src/install/quiz5/lib/quiz5/sample
[13.823s] -- Symlinking: /home/student/ros2_ws/src/install/quiz5/lib/quiz5/liblaserprocessing.so
[13.833s] -- Symlinking: /home/student/ros2_ws/src/install/quiz5/share/quiz5/data/ros2/metadata.yaml
[13.843s] -- Symlinking: /home/student/ros2_ws/src/install/quiz5/share/quiz5/data/ros2/ros2.db3
[13.852s] -- Symlinking: /home/student/ros2_ws/src/install/quiz5/share/ament_index/resource_index/package_run_dependencies/quiz5
[13.862s] -- Symlinking: /home/student/ros2_ws/src/install/quiz5/share/ament_index/resource_index/parent_prefix_path/quiz5
[13.871s] -- Symlinking: /home/student/ros2_ws/src/install/quiz5/share/quiz5/environment/ament_prefix_path.sh
[13.880s] -- Symlinking: /home/student/ros2_ws/src/install/quiz5/share/quiz5/environment/ament_prefix_path.dsv
[13.891s] -- Symlinking: /home/student/ros2_ws/src/install/quiz5/share/quiz5/environment/path.sh
[13.900s] -- Symlinking: /home/student/ros2_ws/src/install/quiz5/share/quiz5/environment/path.dsv
[13.910s] -- Symlinking: /home/student/ros2_ws/src/install/quiz5/share/quiz5/local_setup.bash
[13.920s] -- Symlinking: /home/student/ros2_ws/src/install/quiz5/share/quiz5/local_setup.sh
[13.930s] -- Symlinking: /home/student/ros2_ws/src/install/quiz5/share/quiz5/local_setup.zsh
[13.940s] -- Symlinking: /home/student/ros2_ws/src/install/quiz5/share/quiz5/local_setup.dsv
[13.951s] -- Symlinking: /home/student/ros2_ws/src/install/quiz5/share/quiz5/package.dsv
[13.961s] -- Symlinking: /home/student/ros2_ws/src/install/quiz5/share/ament_index/resource_index/packages/quiz5
[13.971s] -- Symlinking: /home/student/ros2_ws/src/install/quiz5/share/quiz5/cmake/quiz5Config.cmake
[13.982s] -- Symlinking: /home/student/ros2_ws/src/install/quiz5/share/quiz5/cmake/quiz5Config-version.cmake
[13.992s] -- Symlinking: /home/student/ros2_ws/src/install/quiz5/share/quiz5/package.xml
[14.004s] Invoked command in '/home/student/ros2_ws/src/build/quiz5' returned '0': CMAKE_PREFIX_PATH=${CMAKE_PREFIX_PATH}:/opt/ros/humble /usr/bin/cmake --install /home/student/ros2_ws/src/build/quiz5
