[0.111s] DEBUG:colcon:Command line arguments: ['/usr/bin/colcon', 'build', '--symlink-install', '--packages-select', 'quiz5']
[0.111s] DEBUG:colcon:Parsed command line arguments: Namespace(log_base=None, log_level=None, verb_name='build', build_base='build', install_base='install', merge_install=False, symlink_install=True, test_result_base=None, continue_on_error=False, executor='parallel', parallel_workers=8, event_handlers=None, ignore_user_meta=False, metas=['./colcon.meta'], base_paths=['.'], packages_ignore=None, packages_ignore_regex=None, paths=None, packages_up_to=None, packages_up_to_regex=None, packages_above=None, packages_above_and_dependencies=None, packages_above_depth=None, packages_select_by_dep=None, packages_skip_by_dep=None, packages_skip_up_to=None, packages_select_build_failed=False, packages_skip_build_finished=False, packages_select_test_failures=False, packages_skip_test_passed=False, packages_select=['quiz5'], packages_skip=None, packages_select_regex=None, packages_skip_regex=None, packages_start=None, packages_end=None, allow_overriding=[], cmake_args=None, cmake_target=None, cmake_target_skip_unavailable=False, cmake_clean_cache=False, cmake_clean_first=False, cmake_force_configure=False, ament_cmake_args=None, catkin_cmake_args=None, catkin_skip_building_tests=False, mixin_files=None, mixin=None, verb_parser=<colcon_mixin.mixin.mixin_argument.MixinArgumentDecorator object at 0x7cc3f6c65c90>, verb_extension=<colcon_core.verb.build.BuildVerb object at 0x7cc3f6c65270>, main=<bound method BuildVerb.main of <colcon_core.verb.build.BuildVerb object at 0x7cc3f6c65270>>, mixin_verb=('build',))
[0.297s] Level 1:colcon.colcon_core.package_discovery:discover_packages(colcon_meta) check parameters
[0.297s] Level 1:colcon.colcon_core.package_discovery:discover_packages(recursive) check parameters
[0.297s] Level 1:colcon.colcon_core.package_discovery:discover_packages(ignore) check parameters
[0.297s] Level 1:colcon.colcon_core.package_discovery:discover_packages(path) check parameters
[0.297s] Level 1:colcon.colcon_core.package_discovery:discover_packages(colcon_meta) discover
[0.297s] Level 1:colcon.colcon_core.package_discovery:discover_packages(recursive) discover
[0.297s] INFO:colcon.colcon_core.package_discovery:Crawling recursively for packages in '/home/student/ros2_ws/src'
[0.297s] Level 1:colcon.colcon_core.package_identification:_identify(.) by extensions ['ignore', 'ignore_ament_install']
[0.298s] Level 1:colcon.colcon_core.package_identification:_identify(.) by extension 'ignore'
[0.298s] Level 1:colcon.colcon_core.package_identification:_identify(.) by extension 'ignore_ament_install'
[0.298s] Level 1:colcon.colcon_core.package_identification:_identify(.) by extensions ['colcon_pkg']
[0.298s] Level 1:colcon.colcon_core.package_identification:_identify(.) by extension 'colcon_pkg'
[0.298s] Level 1:colcon.colcon_core.package_identification:_identify(.) by extensions ['colcon_meta']
[0.298s] Level 1:colcon.colcon_core.package_identification:_identify(.) by extension 'colcon_meta'
[0.298s] Level 1:colcon.colcon_core.package_identification:_identify(.) by extensions ['ros']
[0.298s] Level 1:colcon.colcon_core.package_identification:_identify(.) by extension 'ros'
[0.310s] Level 1:colcon.colcon_core.package_identification:_identify(.) by extensions ['cmake', 'python']
[0.310s] Level 1:colcon.colcon_core.package_identification:_identify(.) by extension 'cmake'
[0.310s] Level 1:colcon.colcon_core.package_identification:_identify(.) by extension 'python'
[0.310s] Level 1:colcon.colcon_core.package_identification:_identify(.) by extensions ['python_setup_py']
[0.310s] Level 1:colcon.colcon_core.package_identification:_identify(.) by extension 'python_setup_py'
[0.310s] Level 1:colcon.colcon_core.package_identification:_identify(b) by extensions ['ignore', 'ignore_ament_install']
[0.310s] Level 1:colcon.colcon_core.package_identification:_identify(b) by extension 'ignore'
[0.310s] Level 1:colcon.colcon_core.package_identification:_identify(b) by extension 'ignore_ament_install'
[0.310s] Level 1:colcon.colcon_core.package_identification:_identify(b) by extensions ['colcon_pkg']
[0.310s] Level 1:colcon.colcon_core.package_identification:_identify(b) by extension 'colcon_pkg'
[0.310s] Level 1:colcon.colcon_core.package_identification:_identify(b) by extensions ['colcon_meta']
[0.310s] Level 1:colcon.colcon_core.package_identification:_identify(b) by extension 'colcon_meta'
[0.311s] Level 1:colcon.colcon_core.package_identification:_identify(b) by extensions ['ros']
[0.311s] Level 1:colcon.colcon_core.package_identification:_identify(b) by extension 'ros'
[0.313s] DEBUG:colcon.colcon_core.package_identification:Package 'b' with type 'ros.ament_cmake' and name 'quiz4_b'
[0.313s] Level 1:colcon.colcon_core.package_identification:_identify(build) by extensions ['ignore', 'ignore_ament_install']
[0.313s] Level 1:colcon.colcon_core.package_identification:_identify(build) by extension 'ignore'
[0.314s] Level 1:colcon.colcon_core.package_identification:_identify(build) ignored
[0.314s] Level 1:colcon.colcon_core.package_identification:_identify(install) by extensions ['ignore', 'ignore_ament_install']
[0.314s] Level 1:colcon.colcon_core.package_identification:_identify(install) by extension 'ignore'
[0.314s] Level 1:colcon.colcon_core.package_identification:_identify(install) ignored
[0.314s] Level 1:colcon.colcon_core.package_identification:_identify(log) by extensions ['ignore', 'ignore_ament_install']
[0.314s] Level 1:colcon.colcon_core.package_identification:_identify(log) by extension 'ignore'
[0.314s] Level 1:colcon.colcon_core.package_identification:_identify(log) ignored
[0.314s] Level 1:colcon.colcon_core.package_identification:_identify(quiz5) by extensions ['ignore', 'ignore_ament_install']
[0.314s] Level 1:colcon.colcon_core.package_identification:_identify(quiz5) by extension 'ignore'
[0.314s] Level 1:colcon.colcon_core.package_identification:_identify(quiz5) by extension 'ignore_ament_install'
[0.315s] Level 1:colcon.colcon_core.package_identification:_identify(quiz5) by extensions ['colcon_pkg']
[0.315s] Level 1:colcon.colcon_core.package_identification:_identify(quiz5) by extension 'colcon_pkg'
[0.315s] Level 1:colcon.colcon_core.package_identification:_identify(quiz5) by extensions ['colcon_meta']
[0.315s] Level 1:colcon.colcon_core.package_identification:_identify(quiz5) by extension 'colcon_meta'
[0.315s] Level 1:colcon.colcon_core.package_identification:_identify(quiz5) by extensions ['ros']
[0.315s] Level 1:colcon.colcon_core.package_identification:_identify(quiz5) by extension 'ros'
[0.317s] DEBUG:colcon.colcon_core.package_identification:Package 'quiz5' with type 'ros.ament_cmake' and name 'quiz5'
[0.317s] Level 1:colcon.colcon_core.package_identification:_identify(wk10_starter) by extensions ['ignore', 'ignore_ament_install']
[0.317s] Level 1:colcon.colcon_core.package_identification:_identify(wk10_starter) by extension 'ignore'
[0.317s] Level 1:colcon.colcon_core.package_identification:_identify(wk10_starter) by extension 'ignore_ament_install'
[0.317s] Level 1:colcon.colcon_core.package_identification:_identify(wk10_starter) by extensions ['colcon_pkg']
[0.317s] Level 1:colcon.colcon_core.package_identification:_identify(wk10_starter) by extension 'colcon_pkg'
[0.317s] Level 1:colcon.colcon_core.package_identification:_identify(wk10_starter) by extensions ['colcon_meta']
[0.317s] Level 1:colcon.colcon_core.package_identification:_identify(wk10_starter) by extension 'colcon_meta'
[0.318s] Level 1:colcon.colcon_core.package_identification:_identify(wk10_starter) by extensions ['ros']
[0.318s] Level 1:colcon.colcon_core.package_identification:_identify(wk10_starter) by extension 'ros'
[0.318s] Level 1:colcon.colcon_core.package_identification:_identify(wk10_starter) by extensions ['cmake', 'python']
[0.318s] Level 1:colcon.colcon_core.package_identification:_identify(wk10_starter) by extension 'cmake'
[0.318s] Level 1:colcon.colcon_core.package_identification:_identify(wk10_starter) by extension 'python'
[0.318s] Level 1:colcon.colcon_core.package_identification:_identify(wk10_starter) by extensions ['python_setup_py']
[0.318s] Level 1:colcon.colcon_core.package_identification:_identify(wk10_starter) by extension 'python_setup_py'
[0.318s] Level 1:colcon.colcon_core.package_identification:_identify(wk10_starter/quadcopter_control) by extensions ['ignore', 'ignore_ament_install']
[0.318s] Level 1:colcon.colcon_core.package_identification:_identify(wk10_starter/quadcopter_control) by extension 'ignore'
[0.318s] Level 1:colcon.colcon_core.package_identification:_identify(wk10_starter/quadcopter_control) by extension 'ignore_ament_install'
[0.318s] Level 1:colcon.colcon_core.package_identification:_identify(wk10_starter/quadcopter_control) by extensions ['colcon_pkg']
[0.318s] Level 1:colcon.colcon_core.package_identification:_identify(wk10_starter/quadcopter_control) by extension 'colcon_pkg'
[0.318s] Level 1:colcon.colcon_core.package_identification:_identify(wk10_starter/quadcopter_control) by extensions ['colcon_meta']
[0.318s] Level 1:colcon.colcon_core.package_identification:_identify(wk10_starter/quadcopter_control) by extension 'colcon_meta'
[0.319s] Level 1:colcon.colcon_core.package_identification:_identify(wk10_starter/quadcopter_control) by extensions ['ros']
[0.319s] Level 1:colcon.colcon_core.package_identification:_identify(wk10_starter/quadcopter_control) by extension 'ros'
[0.319s] DEBUG:colcon.colcon_core.package_identification:Package 'wk10_starter/quadcopter_control' with type 'ros.ament_cmake' and name 'week10_quad'
[0.320s] Level 1:colcon.colcon_core.package_identification:_identify(wk10_starter/topics) by extensions ['ignore', 'ignore_ament_install']
[0.320s] Level 1:colcon.colcon_core.package_identification:_identify(wk10_starter/topics) by extension 'ignore'
[0.320s] Level 1:colcon.colcon_core.package_identification:_identify(wk10_starter/topics) by extension 'ignore_ament_install'
[0.320s] Level 1:colcon.colcon_core.package_identification:_identify(wk10_starter/topics) by extensions ['colcon_pkg']
[0.320s] Level 1:colcon.colcon_core.package_identification:_identify(wk10_starter/topics) by extension 'colcon_pkg'
[0.320s] Level 1:colcon.colcon_core.package_identification:_identify(wk10_starter/topics) by extensions ['colcon_meta']
[0.320s] Level 1:colcon.colcon_core.package_identification:_identify(wk10_starter/topics) by extension 'colcon_meta'
[0.320s] Level 1:colcon.colcon_core.package_identification:_identify(wk10_starter/topics) by extensions ['ros']
[0.320s] Level 1:colcon.colcon_core.package_identification:_identify(wk10_starter/topics) by extension 'ros'
[0.320s] Level 1:colcon.colcon_core.package_identification:_identify(wk10_starter/topics) by extensions ['cmake', 'python']
[0.320s] Level 1:colcon.colcon_core.package_identification:_identify(wk10_starter/topics) by extension 'cmake'
[0.320s] Level 1:colcon.colcon_core.package_identification:_identify(wk10_starter/topics) by extension 'python'
[0.320s] Level 1:colcon.colcon_core.package_identification:_identify(wk10_starter/topics) by extensions ['python_setup_py']
[0.320s] Level 1:colcon.colcon_core.package_identification:_identify(wk10_starter/topics) by extension 'python_setup_py'
[0.321s] Level 1:colcon.colcon_core.package_identification:_identify(wk10_starter/topics/minimal_publisher) by extensions ['ignore', 'ignore_ament_install']
[0.321s] Level 1:colcon.colcon_core.package_identification:_identify(wk10_starter/topics/minimal_publisher) by extension 'ignore'
[0.321s] Level 1:colcon.colcon_core.package_identification:_identify(wk10_starter/topics/minimal_publisher) by extension 'ignore_ament_install'
[0.321s] Level 1:colcon.colcon_core.package_identification:_identify(wk10_starter/topics/minimal_publisher) by extensions ['colcon_pkg']
[0.321s] Level 1:colcon.colcon_core.package_identification:_identify(wk10_starter/topics/minimal_publisher) by extension 'colcon_pkg'
[0.321s] Level 1:colcon.colcon_core.package_identification:_identify(wk10_starter/topics/minimal_publisher) by extensions ['colcon_meta']
[0.321s] Level 1:colcon.colcon_core.package_identification:_identify(wk10_starter/topics/minimal_publisher) by extension 'colcon_meta'
[0.321s] Level 1:colcon.colcon_core.package_identification:_identify(wk10_starter/topics/minimal_publisher) by extensions ['ros']
[0.321s] Level 1:colcon.colcon_core.package_identification:_identify(wk10_starter/topics/minimal_publisher) by extension 'ros'
[0.322s] DEBUG:colcon.colcon_core.package_identification:Package 'wk10_starter/topics/minimal_publisher' with type 'ros.ament_cmake' and name 'examples_rclcpp_minimal_publisher'
[0.322s] Level 1:colcon.colcon_core.package_identification:_identify(wk10_starter/topics/minimal_subscriber) by extensions ['ignore', 'ignore_ament_install']
[0.322s] Level 1:colcon.colcon_core.package_identification:_identify(wk10_starter/topics/minimal_subscriber) by extension 'ignore'
[0.322s] Level 1:colcon.colcon_core.package_identification:_identify(wk10_starter/topics/minimal_subscriber) by extension 'ignore_ament_install'
[0.322s] Level 1:colcon.colcon_core.package_identification:_identify(wk10_starter/topics/minimal_subscriber) by extensions ['colcon_pkg']
[0.322s] Level 1:colcon.colcon_core.package_identification:_identify(wk10_starter/topics/minimal_subscriber) by extension 'colcon_pkg'
[0.322s] Level 1:colcon.colcon_core.package_identification:_identify(wk10_starter/topics/minimal_subscriber) by extensions ['colcon_meta']
[0.322s] Level 1:colcon.colcon_core.package_identification:_identify(wk10_starter/topics/minimal_subscriber) by extension 'colcon_meta'
[0.322s] Level 1:colcon.colcon_core.package_identification:_identify(wk10_starter/topics/minimal_subscriber) by extensions ['ros']
[0.322s] Level 1:colcon.colcon_core.package_identification:_identify(wk10_starter/topics/minimal_subscriber) by extension 'ros'
[0.323s] DEBUG:colcon.colcon_core.package_identification:Package 'wk10_starter/topics/minimal_subscriber' with type 'ros.ament_cmake' and name 'examples_rclcpp_minimal_subscriber'
[0.323s] Level 1:colcon.colcon_core.package_identification:_identify(wk10_starter/topics_masterclass) by extensions ['ignore', 'ignore_ament_install']
[0.323s] Level 1:colcon.colcon_core.package_identification:_identify(wk10_starter/topics_masterclass) by extension 'ignore'
[0.323s] Level 1:colcon.colcon_core.package_identification:_identify(wk10_starter/topics_masterclass) by extension 'ignore_ament_install'
[0.323s] Level 1:colcon.colcon_core.package_identification:_identify(wk10_starter/topics_masterclass) by extensions ['colcon_pkg']
[0.323s] Level 1:colcon.colcon_core.package_identification:_identify(wk10_starter/topics_masterclass) by extension 'colcon_pkg'
[0.324s] Level 1:colcon.colcon_core.package_identification:_identify(wk10_starter/topics_masterclass) by extensions ['colcon_meta']
[0.324s] Level 1:colcon.colcon_core.package_identification:_identify(wk10_starter/topics_masterclass) by extension 'colcon_meta'
[0.324s] Level 1:colcon.colcon_core.package_identification:_identify(wk10_starter/topics_masterclass) by extensions ['ros']
[0.324s] Level 1:colcon.colcon_core.package_identification:_identify(wk10_starter/topics_masterclass) by extension 'ros'
[0.337s] DEBUG:colcon.colcon_core.package_identification:Package 'wk10_starter/topics_masterclass' with type 'ros.ament_cmake' and name 'week10_laser'
[0.337s] Level 1:colcon.colcon_core.package_identification:_identify(wk11_starter) by extensions ['ignore', 'ignore_ament_install']
[0.337s] Level 1:colcon.colcon_core.package_identification:_identify(wk11_starter) by extension 'ignore'
[0.337s] Level 1:colcon.colcon_core.package_identification:_identify(wk11_starter) by extension 'ignore_ament_install'
[0.337s] Level 1:colcon.colcon_core.package_identification:_identify(wk11_starter) by extensions ['colcon_pkg']
[0.337s] Level 1:colcon.colcon_core.package_identification:_identify(wk11_starter) by extension 'colcon_pkg'
[0.337s] Level 1:colcon.colcon_core.package_identification:_identify(wk11_starter) by extensions ['colcon_meta']
[0.337s] Level 1:colcon.colcon_core.package_identification:_identify(wk11_starter) by extension 'colcon_meta'
[0.337s] Level 1:colcon.colcon_core.package_identification:_identify(wk11_starter) by extensions ['ros']
[0.337s] Level 1:colcon.colcon_core.package_identification:_identify(wk11_starter) by extension 'ros'
[0.337s] Level 1:colcon.colcon_core.package_identification:_identify(wk11_starter) by extensions ['cmake', 'python']
[0.338s] Level 1:colcon.colcon_core.package_identification:_identify(wk11_starter) by extension 'cmake'
[0.338s] Level 1:colcon.colcon_core.package_identification:_identify(wk11_starter) by extension 'python'
[0.338s] Level 1:colcon.colcon_core.package_identification:_identify(wk11_starter) by extensions ['python_setup_py']
[0.338s] Level 1:colcon.colcon_core.package_identification:_identify(wk11_starter) by extension 'python_setup_py'
[0.338s] Level 1:colcon.colcon_core.package_identification:_identify(wk11_starter/grid_example) by extensions ['ignore', 'ignore_ament_install']
[0.338s] Level 1:colcon.colcon_core.package_identification:_identify(wk11_starter/grid_example) by extension 'ignore'
[0.338s] Level 1:colcon.colcon_core.package_identification:_identify(wk11_starter/grid_example) by extension 'ignore_ament_install'
[0.338s] Level 1:colcon.colcon_core.package_identification:_identify(wk11_starter/grid_example) by extensions ['colcon_pkg']
[0.338s] Level 1:colcon.colcon_core.package_identification:_identify(wk11_starter/grid_example) by extension 'colcon_pkg'
[0.338s] Level 1:colcon.colcon_core.package_identification:_identify(wk11_starter/grid_example) by extensions ['colcon_meta']
[0.338s] Level 1:colcon.colcon_core.package_identification:_identify(wk11_starter/grid_example) by extension 'colcon_meta'
[0.338s] Level 1:colcon.colcon_core.package_identification:_identify(wk11_starter/grid_example) by extensions ['ros']
[0.338s] Level 1:colcon.colcon_core.package_identification:_identify(wk11_starter/grid_example) by extension 'ros'
[0.340s] DEBUG:colcon.colcon_core.package_identification:Package 'wk11_starter/grid_example' with type 'ros.ament_cmake' and name 'grid_example'
[0.340s] Level 1:colcon.colcon_core.package_identification:_identify(wk11_starter/services_masterclass) by extensions ['ignore', 'ignore_ament_install']
[0.340s] Level 1:colcon.colcon_core.package_identification:_identify(wk11_starter/services_masterclass) by extension 'ignore'
[0.340s] Level 1:colcon.colcon_core.package_identification:_identify(wk11_starter/services_masterclass) by extension 'ignore_ament_install'
[0.340s] Level 1:colcon.colcon_core.package_identification:_identify(wk11_starter/services_masterclass) by extensions ['colcon_pkg']
[0.340s] Level 1:colcon.colcon_core.package_identification:_identify(wk11_starter/services_masterclass) by extension 'colcon_pkg'
[0.340s] Level 1:colcon.colcon_core.package_identification:_identify(wk11_starter/services_masterclass) by extensions ['colcon_meta']
[0.340s] Level 1:colcon.colcon_core.package_identification:_identify(wk11_starter/services_masterclass) by extension 'colcon_meta'
[0.340s] Level 1:colcon.colcon_core.package_identification:_identify(wk11_starter/services_masterclass) by extensions ['ros']
[0.340s] Level 1:colcon.colcon_core.package_identification:_identify(wk11_starter/services_masterclass) by extension 'ros'
[0.341s] DEBUG:colcon.colcon_core.package_identification:Package 'wk11_starter/services_masterclass' with type 'ros.ament_cmake' and name 'week11_quad'
[0.341s] Level 1:colcon.colcon_core.package_identification:_identify(wk11_starter/srv_client_checks) by extensions ['ignore', 'ignore_ament_install']
[0.342s] Level 1:colcon.colcon_core.package_identification:_identify(wk11_starter/srv_client_checks) by extension 'ignore'
[0.342s] Level 1:colcon.colcon_core.package_identification:_identify(wk11_starter/srv_client_checks) by extension 'ignore_ament_install'
[0.342s] Level 1:colcon.colcon_core.package_identification:_identify(wk11_starter/srv_client_checks) by extensions ['colcon_pkg']
[0.342s] Level 1:colcon.colcon_core.package_identification:_identify(wk11_starter/srv_client_checks) by extension 'colcon_pkg'
[0.342s] Level 1:colcon.colcon_core.package_identification:_identify(wk11_starter/srv_client_checks) by extensions ['colcon_meta']
[0.342s] Level 1:colcon.colcon_core.package_identification:_identify(wk11_starter/srv_client_checks) by extension 'colcon_meta'
[0.342s] Level 1:colcon.colcon_core.package_identification:_identify(wk11_starter/srv_client_checks) by extensions ['ros']
[0.342s] Level 1:colcon.colcon_core.package_identification:_identify(wk11_starter/srv_client_checks) by extension 'ros'
[0.343s] DEBUG:colcon.colcon_core.package_identification:Package 'wk11_starter/srv_client_checks' with type 'ros.ament_cmake' and name 'srv_client_checks'
[0.343s] Level 1:colcon.colcon_core.package_discovery:discover_packages(recursive) using defaults
[0.343s] Level 1:colcon.colcon_core.package_discovery:discover_packages(ignore) discover
[0.343s] Level 1:colcon.colcon_core.package_discovery:discover_packages(ignore) using defaults
[0.343s] Level 1:colcon.colcon_core.package_discovery:discover_packages(path) discover
[0.343s] Level 1:colcon.colcon_core.package_discovery:discover_packages(path) using defaults
[0.366s] INFO:colcon.colcon_core.package_selection:Skipping not selected package 'examples_rclcpp_minimal_publisher' in 'wk10_starter/topics/minimal_publisher'
[0.366s] INFO:colcon.colcon_core.package_selection:Skipping not selected package 'examples_rclcpp_minimal_subscriber' in 'wk10_starter/topics/minimal_subscriber'
[0.366s] INFO:colcon.colcon_core.package_selection:Skipping not selected package 'grid_example' in 'wk11_starter/grid_example'
[0.366s] INFO:colcon.colcon_core.package_selection:Skipping not selected package 'quiz4_b' in 'b'
[0.366s] INFO:colcon.colcon_core.package_selection:Skipping not selected package 'srv_client_checks' in 'wk11_starter/srv_client_checks'
[0.366s] INFO:colcon.colcon_core.package_selection:Skipping not selected package 'week10_laser' in 'wk10_starter/topics_masterclass'
[0.366s] INFO:colcon.colcon_core.package_selection:Skipping not selected package 'week10_quad' in 'wk10_starter/quadcopter_control'
[0.366s] INFO:colcon.colcon_core.package_selection:Skipping not selected package 'week11_quad' in 'wk11_starter/services_masterclass'
[0.367s] Level 1:colcon.colcon_core.package_discovery:discover_packages(prefix_path) check parameters
[0.367s] Level 1:colcon.colcon_core.package_discovery:discover_packages(prefix_path) discover
[0.369s] DEBUG:colcon.colcon_installed_package_information.package_discovery:Found 9 installed packages in /home/student/ros2_ws/install
[0.371s] DEBUG:colcon.colcon_installed_package_information.package_discovery:Found 324 installed packages in /opt/ros/humble
[0.373s] Level 1:colcon.colcon_core.package_discovery:discover_packages(prefix_path) using defaults
[0.417s] Level 5:colcon.colcon_core.verb:set package 'quiz5' build argument 'cmake_args' from command line to 'None'
[0.417s] Level 5:colcon.colcon_core.verb:set package 'quiz5' build argument 'cmake_target' from command line to 'None'
[0.417s] Level 5:colcon.colcon_core.verb:set package 'quiz5' build argument 'cmake_target_skip_unavailable' from command line to 'False'
[0.417s] Level 5:colcon.colcon_core.verb:set package 'quiz5' build argument 'cmake_clean_cache' from command line to 'False'
[0.417s] Level 5:colcon.colcon_core.verb:set package 'quiz5' build argument 'cmake_clean_first' from command line to 'False'
[0.417s] Level 5:colcon.colcon_core.verb:set package 'quiz5' build argument 'cmake_force_configure' from command line to 'False'
[0.417s] Level 5:colcon.colcon_core.verb:set package 'quiz5' build argument 'ament_cmake_args' from command line to 'None'
[0.417s] Level 5:colcon.colcon_core.verb:set package 'quiz5' build argument 'catkin_cmake_args' from command line to 'None'
[0.417s] Level 5:colcon.colcon_core.verb:set package 'quiz5' build argument 'catkin_skip_building_tests' from command line to 'False'
[0.417s] DEBUG:colcon.colcon_core.verb:Building package 'quiz5' with the following arguments: {'ament_cmake_args': None, 'build_base': '/home/student/ros2_ws/src/build/quiz5', 'catkin_cmake_args': None, 'catkin_skip_building_tests': False, 'cmake_args': None, 'cmake_clean_cache': False, 'cmake_clean_first': False, 'cmake_force_configure': False, 'cmake_target': None, 'cmake_target_skip_unavailable': False, 'install_base': '/home/student/ros2_ws/src/install/quiz5', 'merge_install': False, 'path': '/home/student/ros2_ws/src/quiz5', 'symlink_install': True, 'test_result_base': None}
[0.418s] INFO:colcon.colcon_core.executor:Executing jobs using 'parallel' executor
[0.419s] DEBUG:colcon.colcon_parallel_executor.executor.parallel:run_until_complete
[0.419s] INFO:colcon.colcon_ros.task.ament_cmake.build:Building ROS package in '/home/student/ros2_ws/src/quiz5' with build type 'ament_cmake'
[0.419s] INFO:colcon.colcon_cmake.task.cmake.build:Building CMake package in '/home/student/ros2_ws/src/quiz5'
[0.422s] INFO:colcon.colcon_core.plugin_system:Skipping extension 'colcon_core.shell.bat': Not used on non-Windows systems
[0.422s] INFO:colcon.colcon_core.shell:Skip shell extension 'powershell' for command environment: Not usable outside of PowerShell
[0.422s] DEBUG:colcon.colcon_core.shell:Skip shell extension 'dsv' for command environment
[0.441s] DEBUG:colcon.colcon_core.event_handler.log_command:Invoking command in '/home/student/ros2_ws/src/build/quiz5': CMAKE_PREFIX_PATH=${CMAKE_PREFIX_PATH}:/opt/ros/humble /usr/bin/cmake --build /home/student/ros2_ws/src/build/quiz5 -- -j8 -l8
[5.376s] DEBUG:colcon.colcon_core.event_handler.log_command:Invoked command in '/home/student/ros2_ws/src/build/quiz5' returned '2': CMAKE_PREFIX_PATH=${CMAKE_PREFIX_PATH}:/opt/ros/humble /usr/bin/cmake --build /home/student/ros2_ws/src/build/quiz5 -- -j8 -l8
[5.376s] Level 1:colcon.colcon_core.environment:create_environment_scripts_only(quiz5)
[5.379s] Level 1:colcon.colcon_core.environment:checking '/home/student/ros2_ws/src/install/quiz5' for CMake module files
[5.379s] Level 1:colcon.colcon_core.environment:checking '/home/student/ros2_ws/src/install/quiz5' for CMake config files
[5.380s] Level 1:colcon.colcon_core.shell:create_environment_hook('quiz5', 'cmake_prefix_path')
[5.380s] INFO:colcon.colcon_core.shell:Creating environment hook '/home/student/ros2_ws/src/install/quiz5/share/quiz5/hook/cmake_prefix_path.ps1'
[5.381s] INFO:colcon.colcon_core.shell:Creating environment descriptor '/home/student/ros2_ws/src/install/quiz5/share/quiz5/hook/cmake_prefix_path.dsv'
[5.381s] INFO:colcon.colcon_core.shell:Creating environment hook '/home/student/ros2_ws/src/install/quiz5/share/quiz5/hook/cmake_prefix_path.sh'
[5.383s] Level 1:colcon.colcon_core.environment:checking '/home/student/ros2_ws/src/install/quiz5/lib'
[5.383s] Level 1:colcon.colcon_core.environment:checking '/home/student/ros2_ws/src/install/quiz5/bin'
[5.383s] Level 1:colcon.colcon_core.environment:checking '/home/student/ros2_ws/src/install/quiz5/lib/pkgconfig/quiz5.pc'
[5.383s] Level 1:colcon.colcon_core.environment:checking '/home/student/ros2_ws/src/install/quiz5/lib/python3.10/site-packages'
[5.384s] Level 1:colcon.colcon_core.environment:checking '/home/student/ros2_ws/src/install/quiz5/bin'
[5.384s] INFO:colcon.colcon_core.shell:Creating package script '/home/student/ros2_ws/src/install/quiz5/share/quiz5/package.ps1'
[5.385s] INFO:colcon.colcon_core.shell:Creating package descriptor '/home/student/ros2_ws/src/install/quiz5/share/quiz5/package.dsv'
[5.386s] INFO:colcon.colcon_core.shell:Creating package script '/home/student/ros2_ws/src/install/quiz5/share/quiz5/package.sh'
[5.386s] INFO:colcon.colcon_core.shell:Creating package script '/home/student/ros2_ws/src/install/quiz5/share/quiz5/package.bash'
[5.387s] INFO:colcon.colcon_core.shell:Creating package script '/home/student/ros2_ws/src/install/quiz5/share/quiz5/package.zsh'
[5.388s] Level 1:colcon.colcon_core.environment:create_file_with_runtime_dependencies(/home/student/ros2_ws/src/install/quiz5/share/colcon-core/packages/quiz5)
[5.399s] DEBUG:colcon.colcon_parallel_executor.executor.parallel:closing loop
[5.399s] DEBUG:colcon.colcon_parallel_executor.executor.parallel:loop closed
[5.399s] DEBUG:colcon.colcon_parallel_executor.executor.parallel:run_until_complete finished with '2'
[5.399s] DEBUG:colcon.colcon_core.event_reactor:joining thread
[5.405s] INFO:colcon.colcon_core.plugin_system:Skipping extension 'colcon_notification.desktop_notification.terminal_notifier': Not used on non-Darwin systems
[5.405s] INFO:colcon.colcon_core.plugin_system:Skipping extension 'colcon_notification.desktop_notification.win32': Not used on non-Windows systems
[5.405s] INFO:colcon.colcon_notification.desktop_notification:Sending desktop notification using 'notify2'
[5.418s] DEBUG:colcon.colcon_core.event_reactor:joined thread
[5.418s] INFO:colcon.colcon_core.shell:Creating prefix script '/home/student/ros2_ws/src/install/local_setup.ps1'
[5.419s] INFO:colcon.colcon_core.shell:Creating prefix util module '/home/student/ros2_ws/src/install/_local_setup_util_ps1.py'
[5.421s] INFO:colcon.colcon_core.shell:Creating prefix chain script '/home/student/ros2_ws/src/install/setup.ps1'
[5.423s] INFO:colcon.colcon_core.shell:Creating prefix script '/home/student/ros2_ws/src/install/local_setup.sh'
[5.424s] INFO:colcon.colcon_core.shell:Creating prefix util module '/home/student/ros2_ws/src/install/_local_setup_util_sh.py'
[5.425s] INFO:colcon.colcon_core.shell:Creating prefix chain script '/home/student/ros2_ws/src/install/setup.sh'
[5.427s] INFO:colcon.colcon_core.shell:Creating prefix script '/home/student/ros2_ws/src/install/local_setup.bash'
[5.428s] INFO:colcon.colcon_core.shell:Creating prefix chain script '/home/student/ros2_ws/src/install/setup.bash'
[5.430s] INFO:colcon.colcon_core.shell:Creating prefix script '/home/student/ros2_ws/src/install/local_setup.zsh'
[5.431s] INFO:colcon.colcon_core.shell:Creating prefix chain script '/home/student/ros2_ws/src/install/setup.zsh'
